# JRE version: OpenJDK Runtime Environment (11.0.15) (build 11.0.15+0-b2043.56-8887301)
# Java VM: OpenJDK 64-Bit Server VM (11.0.15+0-b2043.56-8887301, mixed mode, tiered, compressed oops, g1 gc, windows-amd64)
Heap:
 garbage-first heap   total 268288K, used 159872K [0x0000000080000000, 0x0000000100000000)
  region size 1024K, 33 young (33792K), 2 survivors (2048K)
 Metaspace       used 119863K, capacity 123742K, committed 123856K, reserved 1157120K
  class space    used 15462K, capacity 16960K, committed 16972K, reserved 1048576K
GC Heap History (20 events):
Event: 184.380 GC heap before
{Heap before GC invocations=76 (full 0):
 garbage-first heap   total 268288K, used 139681K [0x0000000080000000, 0x0000000100000000)
  region size 1024K, 28 young (28672K), 2 survivors (2048K)
 Metaspace       used 115084K, capacity 118659K, committed 118736K, reserved 1150976K
  class space    used 15033K, capacity 16425K, committed 16460K, reserved 1048576K
}
Event: 184.418 GC heap after
{Heap after GC invocations=77 (full 0):
 garbage-first heap   total 268288K, used 118083K [0x0000000080000000, 0x0000000100000000)
  region size 1024K, 4 young (4096K), 4 survivors (4096K)
 Metaspace       used 115084K, capacity 118659K, committed 118736K, reserved 1150976K
  class space    used 15033K, capacity 16425K, committed 16460K, reserved 1048576K
}
Event: 184.796 GC heap before
{Heap before GC invocations=77 (full 0):
 garbage-first heap   total 268288K, used 120131K [0x0000000080000000, 0x0000000100000000)
  region size 1024K, 7 young (7168K), 4 survivors (4096K)
 Metaspace       used 115107K, capacity 118724K, committed 118992K, reserved 1153024K
  class space    used 15033K, capacity 16425K, committed 16460K, reserved 1048576K
}
Event: 184.824 GC heap after
{Heap after GC invocations=78 (full 0):
 garbage-first heap   total 268288K, used 119041K [0x0000000080000000, 0x0000000100000000)
  region size 1024K, 1 young (1024K), 1 survivors (1024K)
 Metaspace       used 115107K, capacity 118724K, committed 118992K, reserved 1153024K
  class space    used 15033K, capacity 16425K, committed 16460K, reserved 1048576K
}
Event: 187.703 GC heap before
{Heap before GC invocations=79 (full 0):
 garbage-first heap   total 268288K, used 148737K [0x0000000080000000, 0x0000000100000000)
  region size 1024K, 29 young (29696K), 1 survivors (1024K)
 Metaspace       used 115187K, capacity 118789K, committed 118992K, reserved 1153024K
  class space    used 15033K, capacity 16425K, committed 16460K, reserved 1048576K
}
Event: 187.721 GC heap after
{Heap after GC invocations=80 (full 0):
 garbage-first heap   total 268288K, used 128829K [0x0000000080000000, 0x0000000100000000)
  region size 1024K, 4 young (4096K), 4 survivors (4096K)
 Metaspace       used 115187K, capacity 118789K, committed 118992K, reserved 1153024K
  class space    used 15033K, capacity 16425K, committed 16460K, reserved 1048576K
}
Event: 188.966 GC heap before
{Heap before GC invocations=80 (full 0):
 garbage-first heap   total 268288K, used 137021K [0x0000000080000000, 0x0000000100000000)
  region size 1024K, 13 young (13312K), 4 survivors (4096K)
 Metaspace       used 115343K, capacity 118922K, committed 118992K, reserved 1153024K
  class space    used 15033K, capacity 16425K, committed 16460K, reserved 1048576K
}
Event: 188.990 GC heap after
{Heap after GC invocations=81 (full 0):
 garbage-first heap   total 268288K, used 114789K [0x0000000080000000, 0x0000000100000000)
  region size 1024K, 2 young (2048K), 2 survivors (2048K)
 Metaspace       used 115343K, capacity 118922K, committed 118992K, reserved 1153024K
  class space    used 15033K, capacity 16425K, committed 16460K, reserved 1048576K
}
Event: 192.084 GC heap before
{Heap before GC invocations=81 (full 0):
 garbage-first heap   total 268288K, used 134245K [0x0000000080000000, 0x0000000100000000)
  region size 1024K, 23 young (23552K), 2 survivors (2048K)
 Metaspace       used 115743K, capacity 119294K, committed 119504K, reserved 1153024K
  class space    used 15047K, capacity 16452K, committed 16460K, reserved 1048576K
}
Event: 192.098 GC heap after
{Heap after GC invocations=82 (full 0):
 garbage-first heap   total 268288K, used 115950K [0x0000000080000000, 0x0000000100000000)
  region size 1024K, 3 young (3072K), 3 survivors (3072K)
 Metaspace       used 115743K, capacity 119294K, committed 119504K, reserved 1153024K
  class space    used 15047K, capacity 16452K, committed 16460K, reserved 1048576K
}
Event: 244.792 GC heap before
{Heap before GC invocations=83 (full 0):
 garbage-first heap   total 268288K, used 185582K [0x0000000080000000, 0x0000000100000000)
  region size 1024K, 60 young (61440K), 3 survivors (3072K)
 Metaspace       used 116230K, capacity 119954K, committed 120144K, reserved 1153024K
  class space    used 15083K, capacity 16517K, committed 16588K, reserved 1048576K
}
Event: 244.830 GC heap after
{Heap after GC invocations=84 (full 0):
 garbage-first heap   total 268288K, used 122170K [0x0000000080000000, 0x0000000100000000)
  region size 1024K, 8 young (8192K), 8 survivors (8192K)
 Metaspace       used 116230K, capacity 119954K, committed 120144K, reserved 1153024K
  class space    used 15083K, capacity 16517K, committed 16588K, reserved 1048576K
}
Event: 245.306 GC heap before
{Heap before GC invocations=84 (full 0):
 garbage-first heap   total 268288K, used 128314K [0x0000000080000000, 0x0000000100000000)
  region size 1024K, 13 young (13312K), 8 survivors (8192K)
 Metaspace       used 116304K, capacity 120018K, committed 120144K, reserved 1153024K
  class space    used 15083K, capacity 16517K, committed 16588K, reserved 1048576K
}
Event: 245.391 GC heap after
{Heap after GC invocations=85 (full 0):
 garbage-first heap   total 268288K, used 122805K [0x0000000080000000, 0x0000000100000000)
  region size 1024K, 2 young (2048K), 2 survivors (2048K)
 Metaspace       used 116304K, capacity 120018K, committed 120144K, reserved 1153024K
  class space    used 15083K, capacity 16517K, committed 16588K, reserved 1048576K
}
Event: 252.493 GC heap before
{Heap before GC invocations=85 (full 0):
 garbage-first heap   total 268288K, used 177077K [0x0000000080000000, 0x0000000100000000)
  region size 1024K, 57 young (58368K), 2 survivors (2048K)
 Metaspace       used 116671K, capacity 120436K, committed 120656K, reserved 1153024K
  class space    used 15095K, capacity 16539K, committed 16588K, reserved 1048576K
}
Event: 252.533 GC heap after
{Heap after GC invocations=86 (full 0):
 garbage-first heap   total 268288K, used 128949K [0x0000000080000000, 0x0000000100000000)
  region size 1024K, 8 young (8192K), 8 survivors (8192K)
 Metaspace       used 116671K, capacity 120436K, committed 120656K, reserved 1153024K
  class space    used 15095K, capacity 16539K, committed 16588K, reserved 1048576K
}
Event: 284.154 GC heap before
{Heap before GC invocations=87 (full 0):
 garbage-first heap   total 268288K, used 201653K [0x0000000080000000, 0x0000000100000000)
  region size 1024K, 66 young (67584K), 8 survivors (8192K)
 Metaspace       used 118382K, capacity 122111K, committed 122448K, reserved 1155072K
  class space    used 15291K, capacity 16732K, committed 16844K, reserved 1048576K
}
Event: 284.308 GC heap after
{Heap after GC invocations=88 (full 0):
 garbage-first heap   total 268288K, used 140392K [0x0000000080000000, 0x0000000100000000)
  region size 1024K, 9 young (9216K), 9 survivors (9216K)
 Metaspace       used 118382K, capacity 122111K, committed 122448K, reserved 1155072K
  class space    used 15291K, capacity 16732K, committed 16844K, reserved 1048576K
}
Event: 284.905 GC heap before
{Heap before GC invocations=88 (full 0):
 garbage-first heap   total 268288K, used 143464K [0x0000000080000000, 0x0000000100000000)
  region size 1024K, 13 young (13312K), 9 survivors (9216K)
 Metaspace       used 119063K, capacity 122799K, committed 122960K, reserved 1155072K
  class space    used 15375K, capacity 16815K, committed 16844K, reserved 1048576K
}
Event: 284.984 GC heap after
{Heap after GC invocations=89 (full 0):
 garbage-first heap   total 268288K, used 130176K [0x0000000080000000, 0x0000000100000000)
  region size 1024K, 2 young (2048K), 2 survivors (2048K)
 Metaspace       used 119063K, capacity 122799K, committed 122960K, reserved 1155072K
  class space    used 15375K, capacity 16815K, committed 16844K, reserved 1048576K
}

