# JRE version: OpenJDK Runtime Environment (11.0.15) (build 11.0.15+0-b2043.56-8887301)
# Java VM: OpenJDK 64-Bit Server VM (11.0.15+0-b2043.56-8887301, mixed mode, tiered, compressed oops, g1 gc, windows-amd64)
Heap:
 garbage-first heap   total 239616K, used 196848K [0x0000000080000000, 0x0000000100000000)
  region size 1024K, 68 young (69632K), 6 survivors (6144K)
 Metaspace       used 134719K, capacity 139190K, committed 139440K, reserved 1171456K
  class space    used 16856K, capacity 18518K, committed 18584K, reserved 1048576K
GC Heap History (20 events):
Event: 855.187 GC heap before
{Heap before GC invocations=103 (full 0):
 garbage-first heap   total 239616K, used 175658K [0x0000000080000000, 0x0000000100000000)
  region size 1024K, 68 young (69632K), 1 survivors (1024K)
 Metaspace       used 131808K, capacity 135772K, committed 136112K, reserved 1167360K
  class space    used 16530K, capacity 18049K, committed 18328K, reserved 1048576K
}
Event: 855.415 GC heap after
{Heap after GC invocations=104 (full 0):
 garbage-first heap   total 239616K, used 116724K [0x0000000080000000, 0x0000000100000000)
  region size 1024K, 9 young (9216K), 9 survivors (9216K)
 Metaspace       used 131808K, capacity 135772K, committed 136112K, reserved 1167360K
  class space    used 16530K, capacity 18049K, committed 18328K, reserved 1048576K
}
Event: 859.268 GC heap before
{Heap before GC invocations=105 (full 0):
 garbage-first heap   total 239616K, used 183284K [0x0000000080000000, 0x0000000100000000)
  region size 1024K, 73 young (74752K), 9 survivors (9216K)
 Metaspace       used 131962K, capacity 135908K, committed 136368K, reserved 1167360K
  class space    used 16530K, capacity 18049K, committed 18328K, reserved 1048576K
}
Event: 859.361 GC heap after
{Heap after GC invocations=106 (full 0):
 garbage-first heap   total 239616K, used 125863K [0x0000000080000000, 0x0000000100000000)
  region size 1024K, 9 young (9216K), 9 survivors (9216K)
 Metaspace       used 131962K, capacity 135908K, committed 136368K, reserved 1167360K
  class space    used 16530K, capacity 18049K, committed 18328K, reserved 1048576K
}
Event: 859.614 GC heap before
{Heap before GC invocations=106 (full 0):
 garbage-first heap   total 239616K, used 126887K [0x0000000080000000, 0x0000000100000000)
  region size 1024K, 11 young (11264K), 9 survivors (9216K)
 Metaspace       used 131962K, capacity 135908K, committed 136368K, reserved 1167360K
  class space    used 16530K, capacity 18049K, committed 18328K, reserved 1048576K
}
Event: 859.687 GC heap after
{Heap after GC invocations=107 (full 0):
 garbage-first heap   total 239616K, used 123239K [0x0000000080000000, 0x0000000100000000)
  region size 1024K, 2 young (2048K), 2 survivors (2048K)
 Metaspace       used 131962K, capacity 135908K, committed 136368K, reserved 1167360K
  class space    used 16530K, capacity 18049K, committed 18328K, reserved 1048576K
}
Event: 860.967 GC heap before
{Heap before GC invocations=107 (full 0):
 garbage-first heap   total 239616K, used 159079K [0x0000000080000000, 0x0000000100000000)
  region size 1024K, 38 young (38912K), 2 survivors (2048K)
 Metaspace       used 132114K, capacity 136103K, committed 136624K, reserved 1167360K
  class space    used 16530K, capacity 18049K, committed 18328K, reserved 1048576K
}
Event: 861.019 GC heap after
{Heap after GC invocations=108 (full 0):
 garbage-first heap   total 239616K, used 127498K [0x0000000080000000, 0x0000000100000000)
  region size 1024K, 6 young (6144K), 6 survivors (6144K)
 Metaspace       used 132114K, capacity 136103K, committed 136624K, reserved 1167360K
  class space    used 16530K, capacity 18049K, committed 18328K, reserved 1048576K
}
Event: 862.919 GC heap before
{Heap before GC invocations=109 (full 0):
 garbage-first heap   total 239616K, used 189962K [0x0000000080000000, 0x0000000100000000)
  region size 1024K, 66 young (67584K), 6 survivors (6144K)
 Metaspace       used 132392K, capacity 136325K, committed 136624K, reserved 1167360K
  class space    used 16531K, capacity 18051K, committed 18328K, reserved 1048576K
}
Event: 862.962 GC heap after
{Heap after GC invocations=110 (full 0):
 garbage-first heap   total 239616K, used 131740K [0x0000000080000000, 0x0000000100000000)
  region size 1024K, 5 young (5120K), 5 survivors (5120K)
 Metaspace       used 132392K, capacity 136325K, committed 136624K, reserved 1167360K
  class space    used 16531K, capacity 18051K, committed 18328K, reserved 1048576K
}
Event: 863.157 GC heap before
{Heap before GC invocations=110 (full 0):
 garbage-first heap   total 239616K, used 137884K [0x0000000080000000, 0x0000000100000000)
  region size 1024K, 11 young (11264K), 5 survivors (5120K)
 Metaspace       used 132428K, capacity 136391K, committed 136880K, reserved 1167360K
  class space    used 16531K, capacity 18051K, committed 18328K, reserved 1048576K
}
Event: 863.215 GC heap after
{Heap after GC invocations=111 (full 0):
 garbage-first heap   total 239616K, used 124250K [0x0000000080000000, 0x0000000100000000)
  region size 1024K, 2 young (2048K), 2 survivors (2048K)
 Metaspace       used 132428K, capacity 136391K, committed 136880K, reserved 1167360K
  class space    used 16531K, capacity 18051K, committed 18328K, reserved 1048576K
}
Event: 863.981 GC heap before
{Heap before GC invocations=111 (full 0):
 garbage-first heap   total 239616K, used 143706K [0x0000000080000000, 0x0000000100000000)
  region size 1024K, 23 young (23552K), 2 survivors (2048K)
 Metaspace       used 132466K, capacity 136392K, committed 136880K, reserved 1167360K
  class space    used 16531K, capacity 18051K, committed 18328K, reserved 1048576K
}
Event: 864.036 GC heap after
{Heap after GC invocations=112 (full 0):
 garbage-first heap   total 239616K, used 127656K [0x0000000080000000, 0x0000000100000000)
  region size 1024K, 7 young (7168K), 7 survivors (7168K)
 Metaspace       used 132466K, capacity 136392K, committed 136880K, reserved 1167360K
  class space    used 16531K, capacity 18051K, committed 18328K, reserved 1048576K
}
Event: 1030.550 GC heap before
{Heap before GC invocations=113 (full 0):
 garbage-first heap   total 239616K, used 228008K [0x0000000080000000, 0x0000000100000000)
  region size 1024K, 68 young (69632K), 7 survivors (7168K)
 Metaspace       used 133262K, capacity 137484K, committed 137648K, reserved 1169408K
  class space    used 16653K, capacity 18260K, committed 18328K, reserved 1048576K
}
Event: 1030.708 GC heap after
{Heap after GC invocations=114 (full 0):
 garbage-first heap   total 239616K, used 126106K [0x0000000080000000, 0x0000000100000000)
  region size 1024K, 6 young (6144K), 6 survivors (6144K)
 Metaspace       used 133262K, capacity 137484K, committed 137648K, reserved 1169408K
  class space    used 16653K, capacity 18260K, committed 18328K, reserved 1048576K
}
Event: 1031.398 GC heap before
{Heap before GC invocations=114 (full 0):
 garbage-first heap   total 239616K, used 130202K [0x0000000080000000, 0x0000000100000000)
  region size 1024K, 11 young (11264K), 6 survivors (6144K)
 Metaspace       used 133738K, capacity 138012K, committed 138288K, reserved 1169408K
  class space    used 16719K, capacity 18330K, committed 18456K, reserved 1048576K
}
Event: 1031.519 GC heap after
{Heap after GC invocations=115 (full 0):
 garbage-first heap   total 239616K, used 120275K [0x0000000080000000, 0x0000000100000000)
  region size 1024K, 1 young (1024K), 1 survivors (1024K)
 Metaspace       used 133738K, capacity 138012K, committed 138288K, reserved 1169408K
  class space    used 16719K, capacity 18330K, committed 18456K, reserved 1048576K
}
Event: 1042.480 GC heap before
{Heap before GC invocations=115 (full 0):
 garbage-first heap   total 239616K, used 187859K [0x0000000080000000, 0x0000000100000000)
  region size 1024K, 69 young (70656K), 1 survivors (1024K)
 Metaspace       used 134543K, capacity 138899K, committed 139184K, reserved 1169408K
  class space    used 16830K, capacity 18470K, committed 18584K, reserved 1048576K
}
Event: 1042.678 GC heap after
{Heap after GC invocations=116 (full 0):
 garbage-first heap   total 239616K, used 125168K [0x0000000080000000, 0x0000000100000000)
  region size 1024K, 6 young (6144K), 6 survivors (6144K)
 Metaspace       used 134543K, capacity 138899K, committed 139184K, reserved 1169408K
  class space    used 16830K, capacity 18470K, committed 18584K, reserved 1048576K
}

