# JRE version: OpenJDK Runtime Environment (11.0.15) (build 11.0.15+0-b2043.56-8887301)
# Java VM: OpenJDK 64-Bit Server VM (11.0.15+0-b2043.56-8887301, mixed mode, tiered, compressed oops, g1 gc, windows-amd64)
Heap:
 garbage-first heap   total 531456K, used 370404K [0x0000000080000000, 0x0000000100000000)
  region size 1024K, 165 young (168960K), 16 survivors (16384K)
 Metaspace       used 148562K, capacity 153519K, committed 153808K, reserved 1183744K
  class space    used 18003K, capacity 19776K, committed 19840K, reserved 1048576K
GC Heap History (20 events):
Event: 3119.631 GC heap before
{Heap before GC invocations=138 (full 0):
 garbage-first heap   total 319488K, used 259363K [0x0000000080000000, 0x0000000100000000)
  region size 1024K, 71 young (72704K), 1 survivors (1024K)
 Metaspace       used 140352K, capacity 144875K, committed 144976K, reserved 1175552K
  class space    used 16980K, capacity 18592K, committed 18688K, reserved 1048576K
}
Event: 3119.682 GC heap after
{Heap after GC invocations=139 (full 0):
 garbage-first heap   total 319488K, used 192035K [0x0000000080000000, 0x0000000100000000)
  region size 1024K, 4 young (4096K), 4 survivors (4096K)
 Metaspace       used 140352K, capacity 144875K, committed 144976K, reserved 1175552K
  class space    used 16980K, capacity 18592K, committed 18688K, reserved 1048576K
}
Event: 3120.667 GC heap before
{Heap before GC invocations=139 (full 0):
 garbage-first heap   total 319488K, used 262691K [0x0000000080000000, 0x0000000100000000)
  region size 1024K, 74 young (75776K), 4 survivors (4096K)
 Metaspace       used 140367K, capacity 144885K, committed 145232K, reserved 1175552K
  class space    used 16982K, capacity 18595K, committed 18688K, reserved 1048576K
}
Event: 3120.687 GC heap after
{Heap after GC invocations=140 (full 0):
 garbage-first heap   total 319488K, used 192403K [0x0000000080000000, 0x0000000100000000)
  region size 1024K, 4 young (4096K), 4 survivors (4096K)
 Metaspace       used 140367K, capacity 144885K, committed 145232K, reserved 1175552K
  class space    used 16982K, capacity 18595K, committed 18688K, reserved 1048576K
}
Event: 3121.845 GC heap before
{Heap before GC invocations=140 (full 0):
 garbage-first heap   total 319488K, used 265107K [0x0000000080000000, 0x0000000100000000)
  region size 1024K, 76 young (77824K), 4 survivors (4096K)
 Metaspace       used 141206K, capacity 145762K, committed 146000K, reserved 1177600K
  class space    used 17085K, capacity 18688K, committed 18688K, reserved 1048576K
}
Event: 3121.971 GC heap after
{Heap after GC invocations=141 (full 0):
 garbage-first heap   total 319488K, used 196196K [0x0000000080000000, 0x0000000100000000)
  region size 1024K, 8 young (8192K), 8 survivors (8192K)
 Metaspace       used 141206K, capacity 145762K, committed 146000K, reserved 1177600K
  class space    used 17085K, capacity 18688K, committed 18688K, reserved 1048576K
}
Event: 3125.766 GC heap before
{Heap before GC invocations=142 (full 0):
 garbage-first heap   total 319488K, used 266852K [0x0000000080000000, 0x0000000100000000)
  region size 1024K, 79 young (80896K), 8 survivors (8192K)
 Metaspace       used 141668K, capacity 146253K, committed 146384K, reserved 1177600K
  class space    used 17145K, capacity 18756K, committed 18816K, reserved 1048576K
}
Event: 3125.960 GC heap after
{Heap after GC invocations=143 (full 0):
 garbage-first heap   total 531456K, used 202109K [0x0000000080000000, 0x0000000100000000)
  region size 1024K, 10 young (10240K), 10 survivors (10240K)
 Metaspace       used 141668K, capacity 146253K, committed 146384K, reserved 1177600K
  class space    used 17145K, capacity 18756K, committed 18816K, reserved 1048576K
}
Event: 3126.094 GC heap before
{Heap before GC invocations=143 (full 0):
 garbage-first heap   total 531456K, used 216445K [0x0000000080000000, 0x0000000100000000)
  region size 1024K, 25 young (25600K), 10 survivors (10240K)
 Metaspace       used 141689K, capacity 146259K, committed 146384K, reserved 1177600K
  class space    used 17146K, capacity 18758K, committed 18816K, reserved 1048576K
}
Event: 3126.157 GC heap after
{Heap after GC invocations=144 (full 0):
 garbage-first heap   total 531456K, used 203292K [0x0000000080000000, 0x0000000100000000)
  region size 1024K, 2 young (2048K), 2 survivors (2048K)
 Metaspace       used 141689K, capacity 146259K, committed 146384K, reserved 1177600K
  class space    used 17146K, capacity 18758K, committed 18816K, reserved 1048576K
}
Event: 3130.473 GC heap before
{Heap before GC invocations=144 (full 0):
 garbage-first heap   total 531456K, used 312860K [0x0000000080000000, 0x0000000100000000)
  region size 1024K, 103 young (105472K), 2 survivors (2048K)
 Metaspace       used 142247K, capacity 146819K, committed 147024K, reserved 1177600K
  class space    used 17195K, capacity 18825K, committed 18944K, reserved 1048576K
}
Event: 3130.490 GC heap after
{Heap after GC invocations=145 (full 0):
 garbage-first heap   total 531456K, used 203867K [0x0000000080000000, 0x0000000100000000)
  region size 1024K, 2 young (2048K), 2 survivors (2048K)
 Metaspace       used 142247K, capacity 146819K, committed 147024K, reserved 1177600K
  class space    used 17195K, capacity 18825K, committed 18944K, reserved 1048576K
}
Event: 3137.261 GC heap before
{Heap before GC invocations=145 (full 0):
 garbage-first heap   total 531456K, used 321627K [0x0000000080000000, 0x0000000100000000)
  region size 1024K, 116 young (118784K), 2 survivors (2048K)
 Metaspace       used 142982K, capacity 147626K, committed 147920K, reserved 1177600K
  class space    used 17268K, capacity 18947K, committed 19072K, reserved 1048576K
}
Event: 3137.326 GC heap after
{Heap after GC invocations=146 (full 0):
 garbage-first heap   total 531456K, used 208562K [0x0000000080000000, 0x0000000100000000)
  region size 1024K, 5 young (5120K), 5 survivors (5120K)
 Metaspace       used 142982K, capacity 147626K, committed 147920K, reserved 1177600K
  class space    used 17268K, capacity 18947K, committed 19072K, reserved 1048576K
}
Event: 3138.765 GC heap before
{Heap before GC invocations=146 (full 0):
 garbage-first heap   total 531456K, used 329394K [0x0000000080000000, 0x0000000100000000)
  region size 1024K, 123 young (125952K), 5 survivors (5120K)
 Metaspace       used 143046K, capacity 147756K, committed 147920K, reserved 1177600K
  class space    used 17273K, capacity 18947K, committed 19072K, reserved 1048576K
}
Event: 3138.780 GC heap after
{Heap after GC invocations=147 (full 0):
 garbage-first heap   total 531456K, used 210937K [0x0000000080000000, 0x0000000100000000)
  region size 1024K, 7 young (7168K), 7 survivors (7168K)
 Metaspace       used 143046K, capacity 147756K, committed 147920K, reserved 1177600K
  class space    used 17273K, capacity 18947K, committed 19072K, reserved 1048576K
}
Event: 3140.089 GC heap before
{Heap before GC invocations=147 (full 0):
 garbage-first heap   total 531456K, used 348153K [0x0000000080000000, 0x0000000100000000)
  region size 1024K, 142 young (145408K), 7 survivors (7168K)
 Metaspace       used 143248K, capacity 147949K, committed 148176K, reserved 1179648K
  class space    used 17288K, capacity 18947K, committed 19072K, reserved 1048576K
}
Event: 3140.108 GC heap after
{Heap after GC invocations=148 (full 0):
 garbage-first heap   total 531456K, used 208992K [0x0000000080000000, 0x0000000100000000)
  region size 1024K, 7 young (7168K), 7 survivors (7168K)
 Metaspace       used 143248K, capacity 147949K, committed 148176K, reserved 1179648K
  class space    used 17288K, capacity 18947K, committed 19072K, reserved 1048576K
}
Event: 3141.684 GC heap before
{Heap before GC invocations=148 (full 0):
 garbage-first heap   total 531456K, used 378976K [0x0000000080000000, 0x0000000100000000)
  region size 1024K, 167 young (171008K), 7 survivors (7168K)
 Metaspace       used 143754K, capacity 148562K, committed 148816K, reserved 1179648K
  class space    used 17362K, capacity 19087K, committed 19200K, reserved 1048576K
}
Event: 3141.759 GC heap after
{Heap after GC invocations=149 (full 0):
 garbage-first heap   total 531456K, used 219876K [0x0000000080000000, 0x0000000100000000)
  region size 1024K, 16 young (16384K), 16 survivors (16384K)
 Metaspace       used 143754K, capacity 148562K, committed 148816K, reserved 1179648K
  class space    used 17362K, capacity 19087K, committed 19200K, reserved 1048576K
}

